
C:\Users\Felipe\Dropbox\TCC-Sepulveda\Codigo\SVMLinear\x64\Release>SVMLinear.exe
0:0:0:1: seed: 1454384120
0:0:0:1: Reading File: Data/iris.csv
0:0:0:2: Schuffling
0:0:0:2: Training Samples: 50
0:0:0:2: Training!
0:0:0:5: Samples Trained: 5	step: 3.125e-006	lastDif:0.000624486	difAlpha:0.0003122
0:0:0:9: Samples Trained: 10	step: 9.76563e-008	lastDif:1.951e-005	difAlpha:9.75495e-006
0:0:0:12: Samples Trained: 15	step: 3.05176e-009	lastDif:6.09682e-007	difAlpha:3.04841e-007
0:0:0:15: Samples Trained: 20	step: 9.53674e-011	lastDif:1.90526e-008	difAlpha:9.52628e-009
0:0:0:18: First Training Finished!! 
0:0:0:18: Samples Trained: 24	step: 1.19209e-011	lastDif:1.19079e-009	difAlpha:5.95393e-010
0:0:0:19: First Percentage correct: 100%
0:0:0:19 reversing
0:0:0:19 Cross Validating
0:0:0:19: Training!
0:0:0:21: Samples Trained: 5	step: 3.125e-006	lastDif:0.0006246	difAlpha:0.000312266
0:0:0:26: Samples Trained: 10	step: 9.76563e-008	lastDif:1.95147e-005	difAlpha:9.75732e-006
0:0:0:30: Samples Trained: 15	step: 3.05176e-009	lastDif:6.0983e-007	difAlpha:3.04915e-007
0:0:0:34: Samples Trained: 20	step: 9.53674e-011	lastDif:1.90572e-008	difAlpha:9.5286e-009
0:0:0:37: Second Training Finished!! 
0:0:0:37: Samples Trained: 24	step: 1.19209e-011	lastDif:1.19107e-009	difAlpha:5.95537e-010
0:0:0:38: Second Percentage correct: 100%
0:0:0:38: Average Percentage correct: 100%


C:\Users\Felipe\Dropbox\TCC-Sepulveda\Codigo\SVMLinear\x64\Release>SVMLinear.exe -d a1 
0:0:0:0: seed: 1454384120
0:0:0:0: Reading File: Data/adult1.data
0:0:0:34: Schuffling
0:0:0:35: Training Samples: 803
0:0:0:35: Training!
0:0:0:36: First Training Finished!! 
0:0:0:36: Samples Trained: 2	step: 5e-013	lastDif:-803	difAlpha:4.015e-010
0:0:0:367: First Percentage correct: 79.1771%
0:0:0:367 reversing
0:0:0:367 Cross Validating
0:0:0:367: Training!
0:0:0:368: Second Training Finished!! 
0:0:0:368: Samples Trained: 2	step: 5e-013	lastDif:-803	difAlpha:4.015e-010
0:0:0:740: Second Percentage correct: 79.1771%
0:0:0:740: Average Percentage correct: 78.8785%


C:\Users\Felipe\Dropbox\TCC-Sepulveda\Codigo\SVMLinear\x64\Release>SVMLinear.exe -d w1 
0:0:0:0: seed: 1454384121
0:0:0:0: Reading File: Data/web1.data
0:0:0:74: Schuffling
0:0:0:75: Training Samples: 1239
0:0:0:76: Training!
0:0:0:79: First Training Finished!! 
0:0:0:79: Samples Trained: 2	step: 5e-014	lastDif:-1239	difAlpha:6.195e-011
0:0:1:356: First Percentage correct: 96.6882%
0:0:1:356 reversing
0:0:1:357 Cross Validating
0:0:1:357: Training!
0:0:1:359: Second Training Finished!! 
0:0:1:359: Samples Trained: 2	step: 5e-014	lastDif:-1239	difAlpha:6.195e-011
0:0:2:521: Second Percentage correct: 96.6882%
0:0:2:521: Average Percentage correct: 97.0529%


C:\Users\Felipe\Dropbox\TCC-Sepulveda\Codigo\SVMLinear\x64\Release>SVMLinear.exe -d a2 
0:0:0:0: seed: 1454384123
0:0:0:0: Reading File: Data/adult2.data
0:0:0:48: Schuffling
0:0:0:48: Training Samples: 1133
0:0:0:49: Training!
0:0:0:51: First Training Finished!! 
0:0:0:51: Samples Trained: 2	step: 5e-013	lastDif:-1133	difAlpha:5.665e-010
0:0:0:669: First Percentage correct: 79.8587%
0:0:0:669 reversing
0:0:0:669 Cross Validating
0:0:0:669: Training!
0:0:0:671: Second Training Finished!! 
0:0:0:671: Samples Trained: 2	step: 5e-013	lastDif:-1133	difAlpha:5.665e-010
0:0:1:284: Second Percentage correct: 79.8587%
0:0:1:295: Average Percentage correct: 79.3819%


C:\Users\Felipe\Dropbox\TCC-Sepulveda\Codigo\SVMLinear\x64\Release>SVMLinear.exe -d w2 
0:0:0:0: seed: 1454384125
0:0:0:0: Reading File: Data/web2.data
0:0:0:74: Schuffling
0:0:0:76: Training Samples: 1735
0:0:0:76: Training!
0:0:0:81: First Training Finished!! 
0:0:0:81: Samples Trained: 2	step: 5e-014	lastDif:-1735	difAlpha:8.675e-011
0:0:4:260: First Percentage correct: 96.8876%
0:0:4:260 reversing
0:0:4:261 Cross Validating
0:0:4:261: Training!
0:0:4:266: Second Training Finished!! 
0:0:4:266: Samples Trained: 2	step: 5e-014	lastDif:-1735	difAlpha:8.675e-011
0:0:8:598: Second Percentage correct: 96.8876%
0:0:8:599: Average Percentage correct: 96.9164%


C:\Users\Felipe\Dropbox\TCC-Sepulveda\Codigo\SVMLinear\x64\Release>SVMLinear.exe -d a3 
0:0:0:0: seed: 1454384133
0:0:0:1: Reading File: Data/adult3.data
0:0:0:68: Schuffling
0:0:0:70: Training Samples: 1593
0:0:0:70: Training!
0:0:0:74: First Training Finished!! 
0:0:0:74: Samples Trained: 2	step: 5e-013	lastDif:-1593	difAlpha:7.965e-010
0:0:1:317: First Percentage correct: 79.8367%
0:0:1:317 reversing
0:0:1:317 Cross Validating
0:0:1:317: Training!
0:0:1:325: Second Training Finished!! 
0:0:1:325: Samples Trained: 2	step: 5e-013	lastDif:-1593	difAlpha:7.965e-010
0:0:2:517: Second Percentage correct: 79.8367%
0:0:2:517: Average Percentage correct: 79.7488%


C:\Users\Felipe\Dropbox\TCC-Sepulveda\Codigo\SVMLinear\x64\Release>SVMLinear.exe -d w3 
0:0:0:0: seed: 1454384136
0:0:0:0: Reading File: Data/web3.data
0:0:0:104: Schuffling
0:0:0:108: Training Samples: 2456
0:0:0:108: Training!
0:0:0:124: First Training Finished!! 
0:0:0:124: Samples Trained: 2	step: 5e-014	lastDif:-2456	difAlpha:1.228e-010
0:0:5:137: First Percentage correct: 96.987%
0:0:5:137 reversing
0:0:5:138 Cross Validating
0:0:5:138: Training!
0:0:5:149: Second Training Finished!! 
0:0:5:149: Samples Trained: 2	step: 5e-014	lastDif:-2456	difAlpha:1.228e-010
0:0:10:116: Second Percentage correct: 96.987%
0:0:10:116: Average Percentage correct: 97.0888%


C:\Users\Felipe\Dropbox\TCC-Sepulveda\Codigo\SVMLinear\x64\Release>SVMLinear.exe -d a4 
0:0:0:0: seed: 1454384146
0:0:0:0: Reading File: Data/adult4.data
0:0:0:101: Schuffling
0:0:0:102: Training Samples: 2391
0:0:0:102: Training!
0:0:3:280: First Training Finished!! 
0:0:3:280: Samples Trained: 3	step: 2.5e-013	lastDif:1.1955e-009	difAlpha:5.9775e-010
0:0:6:169: First Percentage correct: 78.9121%
0:0:6:170 reversing
0:0:6:170 Cross Validating
0:0:6:170: Training!
0:0:9:142: Second Training Finished!! 
0:0:9:142: Samples Trained: 3	step: 2.5e-013	lastDif:1.1955e-009	difAlpha:5.9775e-010
0:0:12:140: Second Percentage correct: 78.9121%
0:0:12:140: Average Percentage correct: 79.293%


C:\Users\Felipe\Dropbox\TCC-Sepulveda\Codigo\SVMLinear\x64\Release>SVMLinear.exe -d w4 
0:0:0:0: seed: 1454384158
0:0:0:0: Reading File: Data/web4.data
0:0:0:196: Schuffling
0:0:0:203: Training Samples: 3683
0:0:0:204: Training!
0:0:0:234: First Training Finished!! 
0:0:0:234: Samples Trained: 2	step: 5e-014	lastDif:-3683	difAlpha:1.8415e-010
0:0:11:773: First Percentage correct: 97.0405%
0:0:11:773 reversing
0:0:11:775 Cross Validating
0:0:11:775: Training!
0:0:11:798: Second Training Finished!! 
0:0:11:798: Samples Trained: 2	step: 5e-014	lastDif:-3683	difAlpha:1.8415e-010
0:0:23:217: Second Percentage correct: 97.0405%
0:0:23:217: Average Percentage correct: 97.0676%


C:\Users\Felipe\Dropbox\TCC-Sepulveda\Codigo\SVMLinear\x64\Release>SVMLinear.exe -d a5 
0:0:0:0: seed: 1454384181
0:0:0:0: Reading File: Data/adult5.data
0:0:0:145: Schuffling
0:0:0:147: Training Samples: 3207
0:0:0:147: Training!
0:0:4:766: First Training Finished!! 
0:0:4:766: Samples Trained: 3	step: 2.5e-013	lastDif:1.6035e-009	difAlpha:8.0175e-010
0:0:9:401: First Percentage correct: 78.7964%
0:0:9:401 reversing
0:0:9:402 Cross Validating
0:0:9:402: Training!
0:0:14:3: Second Training Finished!! 
0:0:14:3: Samples Trained: 3	step: 2.5e-013	lastDif:1.6035e-009	difAlpha:8.0175e-010
0:0:18:655: Second Percentage correct: 78.7964%
0:0:18:655: Average Percentage correct: 79.6071%


C:\Users\Felipe\Dropbox\TCC-Sepulveda\Codigo\SVMLinear\x64\Release>SVMLinear.exe -d w5 
0:0:0:0: seed: 1454384200
0:0:0:0: Reading File: Data/web5.data
0:0:0:206: Schuffling
0:0:0:213: Training Samples: 4944
0:0:0:213: Training!
0:0:0:255: First Training Finished!! 
0:0:0:255: Samples Trained: 2	step: 5e-014	lastDif:-4944	difAlpha:2.472e-010
0:0:20:990: First Percentage correct: 97.411%
0:0:20:990 reversing
0:0:20:993 Cross Validating
0:0:20:993: Training!
0:0:21:35: Second Training Finished!! 
0:0:21:35: Samples Trained: 2	step: 5e-014	lastDif:-4944	difAlpha:2.472e-010
0:0:41:466: Second Percentage correct: 97.411%
0:0:41:466: Average Percentage correct: 97.1582%


C:\Users\Felipe\Dropbox\TCC-Sepulveda\Codigo\SVMLinear\x64\Release>SVMLinear.exe -d a6 
0:0:0:0: seed: 1454384242
0:0:0:0: Reading File: Data/adult6.data
0:0:0:238: Schuffling
0:0:0:242: Training Samples: 5610
0:0:0:242: Training!
0:0:30:490: First Training Finished!! 
0:0:30:490: Samples Trained: 4	step: 1.25e-013	lastDif:1.4025e-009	difAlpha:7.0125e-010
0:0:45:598: First Percentage correct: 81.426%
0:0:45:598 reversing
0:0:45:600 Cross Validating
0:0:45:600: Training!
0:1:15:589: Second Training Finished!! 
0:1:15:589: Samples Trained: 4	step: 1.25e-013	lastDif:1.4025e-009	difAlpha:7.0125e-010
0:1:30:486: Second Percentage correct: 81.426%
0:1:30:486: Average Percentage correct: 81.221%


C:\Users\Felipe\Dropbox\TCC-Sepulveda\Codigo\SVMLinear\x64\Release>SVMLinear.exe -d w6 
0:0:0:0: seed: 1454384332
0:0:0:0: Reading File: Data/web6.data
0:0:0:361: Schuffling
0:0:0:380: Training Samples: 8594
0:0:0:380: Training!
0:0:0:504: First Training Finished!! 
0:0:0:504: Samples Trained: 2	step: 5e-014	lastDif:-8594	difAlpha:4.297e-010
0:1:2:536: First Percentage correct: 96.8699%
0:1:2:536 reversing
0:1:2:545 Cross Validating
0:1:2:545: Training!
0:1:2:671: Second Training Finished!! 
0:1:2:671: Samples Trained: 2	step: 5e-014	lastDif:-8594	difAlpha:4.297e-010
0:2:5:634: Second Percentage correct: 96.8699%
0:2:5:634: Average Percentage correct: 96.9455%


C:\Users\Felipe\Dropbox\TCC-Sepulveda\Codigo\SVMLinear\x64\Release>SVMLinear.exe -d a7 
0:0:0:0: seed: 1454384458
0:0:0:0: Reading File: Data/adult7.data
0:0:0:348: Schuffling
0:0:0:355: Training Samples: 8050
0:0:0:355: Training!
0:1:44:417: First Training Finished!! 
0:1:44:417: Samples Trained: 5	step: 6.25e-014	lastDif:1.00625e-009	difAlpha:5.03125e-010
0:2:17:784: First Percentage correct: 81.7764%
0:2:17:784 reversing
0:2:17:787 Cross Validating
0:2:17:787: Training!
0:4:3:655: Second Training Finished!! 
0:4:3:655: Samples Trained: 5	step: 6.25e-014	lastDif:1.00625e-009	difAlpha:5.03125e-010
0:4:39:331: Second Percentage correct: 81.7764%
0:4:39:331: Average Percentage correct: 81.4472%


C:\Users\Felipe\Dropbox\TCC-Sepulveda\Codigo\SVMLinear\x64\Release>SVMLinear.exe -d w7 
0:0:0:1: seed: 1454384737
0:0:0:1: Reading File: Data/web7.data
0:0:0:581: Schuffling
0:0:0:603: Training Samples: 12346
0:0:0:604: Training!
0:0:0:921: First Training Finished!! 
0:0:0:921: Samples Trained: 2	step: 5e-014	lastDif:-12346	difAlpha:6.173e-010
0:2:22:363: First Percentage correct: 96.9869%
0:2:22:363 reversing
0:2:22:372 Cross Validating
0:2:22:372: Training!
0:2:22:646: Second Training Finished!! 
0:2:22:646: Samples Trained: 2	step: 5e-014	lastDif:-12346	difAlpha:6.173e-010
0:4:39:747: Second Percentage correct: 96.9869%
0:4:39:747: Average Percentage correct: 97.0031%


C:\Users\Felipe\Dropbox\TCC-Sepulveda\Codigo\SVMLinear\x64\Release>SVMLinear.exe -d a8 
0:0:0:0: seed: 1454385017
0:0:0:0: Reading File: Data/adult8.data
0:0:0:524: Schuffling
0:0:0:532: Training Samples: 11348
0:0:0:533: Training!
0:3:35:172: First Training Finished!! 
0:3:35:172: Samples Trained: 5	step: 6.25e-014	lastDif:1.4185e-009	difAlpha:7.0925e-010
0:4:44:204: First Percentage correct: 81.5122%
0:4:44:204 reversing
0:4:44:207 Cross Validating
0:4:44:208: Training!
0:8:11:798: Second Training Finished!! 
0:8:11:798: Samples Trained: 5	step: 6.25e-014	lastDif:1.4185e-009	difAlpha:7.0925e-010
0:9:19:722: Second Percentage correct: 81.5122%
0:9:19:722: Average Percentage correct: 81.706%


C:\Users\Felipe\Dropbox\TCC-Sepulveda\Codigo\SVMLinear\x64\Release>SVMLinear.exe -d w8 
0:0:0:0: seed: 1454385577
0:0:0:0: Reading File: Data/web8.data
0:0:1:26: Schuffling
0:0:1:64: Training Samples: 24875
0:0:1:64: Training!
0:9:15:282: First Training Finished!! 
0:9:15:282: Samples Trained: 3	step: 2.5e-014	lastDif:1.24375e-009	difAlpha:6.21875e-010
0:18:16:296: First Percentage correct: 97.2341%
0:18:16:296 reversing
0:18:16:314 Cross Validating
0:18:16:314: Training!
0:27:30:870: Second Training Finished!! 
0:27:30:870: Samples Trained: 3	step: 2.5e-014	lastDif:1.24375e-009	difAlpha:6.21875e-010
0:36:31:846: Second Percentage correct: 97.2341%
0:36:31:846: Average Percentage correct: 97.0251%


C:\Users\Felipe\Dropbox\TCC-Sepulveda\Codigo\SVMLinear\x64\Release>SVMLinear.exe -d a9 
0:0:0:0: seed: 1454387768
0:0:0:0: Reading File: Data/adult9.data
0:0:0:738: Schuffling
0:0:0:756: Training Samples: 16281
0:0:0:757: Training!
Deseja finalizar o arquivo em lotes (S/N)? 
