Build started 28/01/2016 04:12:55.
     1>Project "C:\Users\Felipe\Dropbox\TCC-Sepulveda\Codigo\SVMLinear\SVMLinear\SVMLinear.vcxproj" on node 2 (Build target(s)).
     1>ClCompile:
         C:\Program Files (x86)\Microsoft Visual Studio 12.0\VC\bin\x86_amd64\CL.exe /c /Zi /nologo /W3 /WX- /sdl /Ox /Oi /GL /D WIN32 /D NDEBUG /D _CONSOLE /D _LIB /D _UNICODE /D UNICODE /Gm- /EHsc /MD /GS /Gy /fp:precise /Zc:wchar_t /Zc:forScope /Yu"stdafx.h" /Fp"x64\Release\SVMLinear.pch" /Fo"x64\Release\\" /Fd"x64\Release\vc120.pdb" /Gd /TP /errorReport:prompt SVMLinear.cpp
         SVMLinear.cpp
     1>SVMLinear.cpp(414): warning C4267: 'initializing' : conversion from 'size_t' to 'int', possible loss of data
     1>SVMLinear.cpp(426): warning C4267: 'initializing' : conversion from 'size_t' to 'int', possible loss of data
     1>SVMLinear.cpp(485): warning C4244: 'initializing' : conversion from 'time_t' to 'unsigned int', possible loss of data
     1>SVMLinear.cpp(534): warning C4244: 'initializing' : conversion from 'double' to 'int', possible loss of data
     1>SVMLinear.cpp(535): warning C4267: 'initializing' : conversion from 'size_t' to 'int', possible loss of data
     1>SVMLinear.cpp(583): warning C4244: 'argument' : conversion from 'double' to 'int', possible loss of data
       Link:
         C:\Program Files (x86)\Microsoft Visual Studio 12.0\VC\bin\x86_amd64\link.exe /ERRORREPORT:PROMPT /OUT:"C:\Users\Felipe\Dropbox\TCC-Sepulveda\Codigo\SVMLinear\x64\Release\SVMLinear.exe" /INCREMENTAL:NO /NOLOGO kernel32.lib user32.lib gdi32.lib winspool.lib comdlg32.lib advapi32.lib shell32.lib ole32.lib oleaut32.lib uuid.lib odbc32.lib odbccp32.lib /MANIFEST /MANIFESTUAC:"level='asInvoker' uiAccess='false'" /manifest:embed /DEBUG /PDB:"C:\Users\Felipe\Dropbox\TCC-Sepulveda\Codigo\SVMLinear\x64\Release\SVMLinear.pdb" /SUBSYSTEM:CONSOLE /OPT:REF /OPT:ICF /LTCG /TLBID:1 /DYNAMICBASE /NXCOMPAT /IMPLIB:"C:\Users\Felipe\Dropbox\TCC-Sepulveda\Codigo\SVMLinear\x64\Release\SVMLinear.lib" /MACHINE:X64 x64\Release\stdafx.obj
         x64\Release\SVMLinear.obj
         Generating code
         Finished generating code
         SVMLinear.vcxproj -> C:\Users\Felipe\Dropbox\TCC-Sepulveda\Codigo\SVMLinear\x64\Release\SVMLinear.exe
     1>Done Building Project "C:\Users\Felipe\Dropbox\TCC-Sepulveda\Codigo\SVMLinear\SVMLinear\SVMLinear.vcxproj" (Build target(s)).

Build succeeded.

Time Elapsed 00:00:02.33
